<?xml version="1.0" encoding="UTF-8"?>
<testsuite name="hello.hellospring.HelloSpringApplicationTests" tests="1" skipped="0" failures="0" errors="0" timestamp="2023-03-08T08:56:10" hostname="DESKTOP-8NK4D08" time="0.656">
  <properties/>
  <testcase name="contextLoads()" classname="hello.hellospring.HelloSpringApplicationTests" time="0.656"/>
  <system-out><![CDATA[17:56:06.883 [Test worker] DEBUG org.springframework.test.context.BootstrapUtils - Instantiating CacheAwareContextLoaderDelegate from class [org.springframework.test.context.cache.DefaultCacheAwareContextLoaderDelegate]
17:56:06.900 [Test worker] DEBUG org.springframework.test.context.BootstrapUtils - Instantiating BootstrapContext using constructor [public org.springframework.test.context.support.DefaultBootstrapContext(java.lang.Class,org.springframework.test.context.CacheAwareContextLoaderDelegate)]
17:56:06.947 [Test worker] DEBUG org.springframework.test.context.BootstrapUtils - Instantiating TestContextBootstrapper for test class [hello.hellospring.HelloSpringApplicationTests] from class [org.springframework.boot.test.context.SpringBootTestContextBootstrapper]
17:56:06.961 [Test worker] INFO org.springframework.boot.test.context.SpringBootTestContextBootstrapper - Neither @ContextConfiguration nor @ContextHierarchy found for test class [hello.hellospring.HelloSpringApplicationTests], using SpringBootContextLoader
17:56:06.966 [Test worker] DEBUG org.springframework.test.context.support.AbstractContextLoader - Did not detect default resource location for test class [hello.hellospring.HelloSpringApplicationTests]: class path resource [hello/hellospring/HelloSpringApplicationTests-context.xml] does not exist
17:56:06.967 [Test worker] DEBUG org.springframework.test.context.support.AbstractContextLoader - Did not detect default resource location for test class [hello.hellospring.HelloSpringApplicationTests]: class path resource [hello/hellospring/HelloSpringApplicationTestsContext.groovy] does not exist
17:56:06.967 [Test worker] INFO org.springframework.test.context.support.AbstractContextLoader - Could not detect default resource locations for test class [hello.hellospring.HelloSpringApplicationTests]: no resource found for suffixes {-context.xml, Context.groovy}.
17:56:06.968 [Test worker] INFO org.springframework.test.context.support.AnnotationConfigContextLoaderUtils - Could not detect default configuration classes for test class [hello.hellospring.HelloSpringApplicationTests]: HelloSpringApplicationTests does not declare any static, non-private, non-final, nested classes annotated with @Configuration.
17:56:07.026 [Test worker] DEBUG org.springframework.test.context.support.ActiveProfilesUtils - Could not find an 'annotation declaring class' for annotation type [org.springframework.test.context.ActiveProfiles] and class [hello.hellospring.HelloSpringApplicationTests]
17:56:07.123 [Test worker] DEBUG org.springframework.context.annotation.ClassPathScanningCandidateComponentProvider - Identified candidate component class: file [C:\Users\82102\OneDrive\바탕 화면\개인공부\hello-spring (1)\hello-spring\build\classes\java\main\hello\hellospring\HelloSpringApplication.class]
17:56:07.123 [Test worker] INFO org.springframework.boot.test.context.SpringBootTestContextBootstrapper - Found @SpringBootConfiguration hello.hellospring.HelloSpringApplication for test class hello.hellospring.HelloSpringApplicationTests
17:56:07.287 [Test worker] DEBUG org.springframework.boot.test.context.SpringBootTestContextBootstrapper - @TestExecutionListeners is not present for class [hello.hellospring.HelloSpringApplicationTests]: using defaults.
17:56:07.288 [Test worker] INFO org.springframework.boot.test.context.SpringBootTestContextBootstrapper - Loaded default TestExecutionListener class names from location [META-INF/spring.factories]: [org.springframework.boot.test.autoconfigure.restdocs.RestDocsTestExecutionListener, org.springframework.boot.test.autoconfigure.web.client.MockRestServiceServerResetTestExecutionListener, org.springframework.boot.test.autoconfigure.web.servlet.MockMvcPrintOnlyOnFailureTestExecutionListener, org.springframework.boot.test.autoconfigure.web.servlet.WebDriverTestExecutionListener, org.springframework.boot.test.autoconfigure.webservices.client.MockWebServiceServerTestExecutionListener, org.springframework.boot.test.mock.mockito.MockitoTestExecutionListener, org.springframework.boot.test.mock.mockito.ResetMocksTestExecutionListener, org.springframework.test.context.web.ServletTestExecutionListener, org.springframework.test.context.support.DirtiesContextBeforeModesTestExecutionListener, org.springframework.test.context.event.ApplicationEventsTestExecutionListener, org.springframework.test.context.support.DependencyInjectionTestExecutionListener, org.springframework.test.context.support.DirtiesContextTestExecutionListener, org.springframework.test.context.transaction.TransactionalTestExecutionListener, org.springframework.test.context.jdbc.SqlScriptsTestExecutionListener, org.springframework.test.context.event.EventPublishingTestExecutionListener]
17:56:07.308 [Test worker] DEBUG org.springframework.boot.test.context.SpringBootTestContextBootstrapper - Skipping candidate TestExecutionListener [org.springframework.test.context.transaction.TransactionalTestExecutionListener] due to a missing dependency. Specify custom listener classes or make the default listener classes and their required dependencies available. Offending class: [org/springframework/transaction/TransactionDefinition]
17:56:07.310 [Test worker] DEBUG org.springframework.boot.test.context.SpringBootTestContextBootstrapper - Skipping candidate TestExecutionListener [org.springframework.test.context.jdbc.SqlScriptsTestExecutionListener] due to a missing dependency. Specify custom listener classes or make the default listener classes and their required dependencies available. Offending class: [org/springframework/transaction/interceptor/TransactionAttribute]
17:56:07.310 [Test worker] INFO org.springframework.boot.test.context.SpringBootTestContextBootstrapper - Using TestExecutionListeners: [org.springframework.test.context.web.ServletTestExecutionListener@5ea502e0, org.springframework.test.context.support.DirtiesContextBeforeModesTestExecutionListener@443dbe42, org.springframework.test.context.event.ApplicationEventsTestExecutionListener@473b3b7a, org.springframework.boot.test.mock.mockito.MockitoTestExecutionListener@1734f68, org.springframework.boot.test.autoconfigure.SpringBootDependencyInjectionTestExecutionListener@77b7ffa4, org.springframework.test.context.support.DirtiesContextTestExecutionListener@5ed190be, org.springframework.test.context.event.EventPublishingTestExecutionListener@402f80f5, org.springframework.boot.test.autoconfigure.restdocs.RestDocsTestExecutionListener@5bbc9f97, org.springframework.boot.test.autoconfigure.web.client.MockRestServiceServerResetTestExecutionListener@133e019b, org.springframework.boot.test.autoconfigure.web.servlet.MockMvcPrintOnlyOnFailureTestExecutionListener@41382722, org.springframework.boot.test.autoconfigure.web.servlet.WebDriverTestExecutionListener@7dac3fd8, org.springframework.boot.test.autoconfigure.webservices.client.MockWebServiceServerTestExecutionListener@425357dd, org.springframework.boot.test.mock.mockito.ResetMocksTestExecutionListener@2102a4d5]
17:56:07.319 [Test worker] DEBUG org.springframework.test.context.support.AbstractDirtiesContextTestExecutionListener - Before test class: context [DefaultTestContext@1a6f5124 testClass = HelloSpringApplicationTests, testInstance = [null], testMethod = [null], testException = [null], mergedContextConfiguration = [WebMergedContextConfiguration@1edb61b1 testClass = HelloSpringApplicationTests, locations = '{}', classes = '{class hello.hellospring.HelloSpringApplication}', contextInitializerClasses = '[]', activeProfiles = '{}', propertySourceLocations = '{}', propertySourceProperties = '{org.springframework.boot.test.context.SpringBootTestContextBootstrapper=true}', contextCustomizers = set[org.springframework.boot.test.autoconfigure.actuate.metrics.MetricsExportContextCustomizerFactory$DisableMetricExportContextCustomizer@75b25825, org.springframework.boot.test.autoconfigure.properties.PropertyMappingContextCustomizer@0, org.springframework.boot.test.autoconfigure.web.servlet.WebDriverContextCustomizerFactory$Customizer@36f48b4, org.springframework.boot.test.context.filter.ExcludeFilterContextCustomizer@3f792b9b, org.springframework.boot.test.json.DuplicateJsonObjectContextCustomizerFactory$DuplicateJsonObjectContextCustomizer@1af146, org.springframework.boot.test.mock.mockito.MockitoContextCustomizer@0, org.springframework.boot.test.web.client.TestRestTemplateContextCustomizer@674658f7, org.springframework.boot.test.context.SpringBootTestArgs@1, org.springframework.boot.test.context.SpringBootTestWebEnvironment@4c5ae43b], resourceBasePath = 'src/main/webapp', contextLoader = 'org.springframework.boot.test.context.SpringBootContextLoader', parent = [null]], attributes = map['org.springframework.test.context.web.ServletTestExecutionListener.activateListener' -> true]], class annotated with @DirtiesContext [false] with mode [null].

  .   ____          _            __ _ _
 /\\ / ___'_ __ _ _(_)_ __  __ _ \ \ \ \
( ( )\___ | '_ | '_| | '_ \/ _` | \ \ \ \
 \\/  ___)| |_)| | | | | || (_| |  ) ) ) )
  '  |____| .__|_| |_|_| |_\__, | / / / /
 =========|_|==============|___/=/_/_/_/
 :: Spring Boot ::      (v2.7.10-SNAPSHOT)

2023-03-08 17:56:07.903  INFO 16484 --- [    Test worker] h.h.HelloSpringApplicationTests          : Starting HelloSpringApplicationTests using Java 11.0.11 on DESKTOP-8NK4D08 with PID 16484 (started by 82102 in C:\Users\82102\OneDrive\바탕 화면\개인공부\hello-spring (1)\hello-spring)
2023-03-08 17:56:07.905  INFO 16484 --- [    Test worker] h.h.HelloSpringApplicationTests          : No active profile set, falling back to 1 default profile: "default"
2023-03-08 17:56:10.211  INFO 16484 --- [    Test worker] o.s.b.a.w.s.WelcomePageHandlerMapping    : Adding welcome page: class path resource [static/index.html]
2023-03-08 17:56:10.862  INFO 16484 --- [    Test worker] h.h.HelloSpringApplicationTests          : Started HelloSpringApplicationTests in 3.468 seconds (JVM running for 5.596)
]]></system-out>
  <system-err><![CDATA[]]></system-err>
</testsuite>
